2021-10-20 14:30:13,976 DEBUG scheduler Queued events for site erpnext.test
2021-10-20 14:30:14,586 INFO scheduler Scheduled Job Start: frappe.twofactor.delete_all_barcodes_for_users for erpnext.test
2021-10-20 14:30:14,854 INFO scheduler Scheduled Job Complete: frappe.twofactor.delete_all_barcodes_for_users for erpnext.test
2021-10-20 14:30:14,937 INFO scheduler Scheduled Job Start: frappe.website.doctype.web_page.web_page.check_publish_status for erpnext.test
2021-10-20 14:30:15,261 INFO scheduler Scheduled Job Complete: frappe.website.doctype.web_page.web_page.check_publish_status for erpnext.test
2021-10-20 14:30:15,345 INFO scheduler Scheduled Job Start: frappe.oauth.delete_oauth2_data for erpnext.test
2021-10-20 14:30:15,682 INFO scheduler Scheduled Job Complete: frappe.oauth.delete_oauth2_data for erpnext.test
2021-10-20 14:31:14,253 DEBUG scheduler Queued events for site erpnext.test
2021-10-20 14:32:14,612 INFO scheduler Scheduled Job Start: erpnext.crm.doctype.social_media_post.social_media_post.process_scheduled_social_media_posts for erpnext.test
2021-10-20 14:32:14,669 DEBUG scheduler Queued events for site erpnext.test
2021-10-20 14:32:14,835 INFO scheduler Scheduled Job Complete: erpnext.crm.doctype.social_media_post.social_media_post.process_scheduled_social_media_posts for erpnext.test
2021-10-20 14:32:14,910 INFO scheduler Scheduled Job Start: erpnext.healthcare.doctype.patient_appointment.patient_appointment.send_appointment_reminder for erpnext.test
2021-10-20 14:32:15,104 INFO scheduler Scheduled Job Complete: erpnext.healthcare.doctype.patient_appointment.patient_appointment.send_appointment_reminder for erpnext.test
2021-10-20 14:32:15,183 INFO scheduler Scheduled Job Start: erpnext.projects.doctype.project.project.project_status_update_reminder for erpnext.test
2021-10-20 14:32:15,473 INFO scheduler Scheduled Job Complete: erpnext.projects.doctype.project.project.project_status_update_reminder for erpnext.test
2021-10-20 14:32:15,548 INFO scheduler Scheduled Job Start: frappe.monitor.flush for erpnext.test
2021-10-20 14:32:15,713 INFO scheduler Scheduled Job Complete: frappe.monitor.flush for erpnext.test
2021-10-20 14:32:15,791 INFO scheduler Scheduled Job Start: frappe.utils.global_search.sync_global_search for erpnext.test
2021-10-20 14:32:15,958 INFO scheduler Scheduled Job Complete: frappe.utils.global_search.sync_global_search for erpnext.test
2021-10-20 14:32:16,031 INFO scheduler Scheduled Job Start: frappe.integrations.doctype.razorpay_settings.razorpay_settings.capture_payment for erpnext.test
2021-10-20 14:32:16,339 INFO scheduler Scheduled Job Complete: frappe.integrations.doctype.razorpay_settings.razorpay_settings.capture_payment for erpnext.test
2021-10-20 14:32:16,426 INFO scheduler Scheduled Job Start: frappe.email.doctype.email_account.email_account.notify_unreplied for erpnext.test
2021-10-20 14:32:16,660 INFO scheduler Scheduled Job Complete: frappe.email.doctype.email_account.email_account.notify_unreplied for erpnext.test
2021-10-20 14:32:16,745 INFO scheduler Scheduled Job Start: frappe.email.doctype.email_account.email_account.pull for erpnext.test
2021-10-20 14:32:16,991 INFO scheduler Scheduled Job Complete: frappe.email.doctype.email_account.email_account.pull for erpnext.test
2021-10-20 14:32:17,064 INFO scheduler Scheduled Job Start: frappe.email.queue.flush for erpnext.test
2021-10-20 14:32:17,262 INFO scheduler Scheduled Job Complete: frappe.email.queue.flush for erpnext.test
2021-10-20 14:33:14,919 DEBUG scheduler Queued events for site erpnext.test
2021-10-20 14:34:15,294 DEBUG scheduler Queued events for site erpnext.test
2021-10-20 14:35:15,559 DEBUG scheduler Queued events for site erpnext.test
2021-10-20 14:36:15,881 INFO scheduler Scheduled Job Start: erpnext.crm.doctype.social_media_post.social_media_post.process_scheduled_social_media_posts for erpnext.test
2021-10-20 14:36:15,984 DEBUG scheduler Queued events for site erpnext.test
2021-10-20 14:36:16,273 INFO scheduler Scheduled Job Complete: erpnext.crm.doctype.social_media_post.social_media_post.process_scheduled_social_media_posts for erpnext.test
2021-10-20 14:36:16,345 INFO scheduler Scheduled Job Start: erpnext.healthcare.doctype.patient_appointment.patient_appointment.send_appointment_reminder for erpnext.test
2021-10-20 14:36:16,593 INFO scheduler Scheduled Job Complete: erpnext.healthcare.doctype.patient_appointment.patient_appointment.send_appointment_reminder for erpnext.test
2021-10-20 14:36:16,663 INFO scheduler Scheduled Job Start: erpnext.projects.doctype.project.project.project_status_update_reminder for erpnext.test
2021-10-20 14:36:16,972 INFO scheduler Scheduled Job Complete: erpnext.projects.doctype.project.project.project_status_update_reminder for erpnext.test
2021-10-20 14:36:17,047 INFO scheduler Scheduled Job Start: frappe.monitor.flush for erpnext.test
2021-10-20 14:36:17,220 INFO scheduler Scheduled Job Complete: frappe.monitor.flush for erpnext.test
2021-10-20 14:36:17,305 INFO scheduler Scheduled Job Start: frappe.utils.global_search.sync_global_search for erpnext.test
2021-10-20 14:36:17,513 INFO scheduler Scheduled Job Complete: frappe.utils.global_search.sync_global_search for erpnext.test
2021-10-20 14:36:17,627 INFO scheduler Scheduled Job Start: frappe.integrations.doctype.razorpay_settings.razorpay_settings.capture_payment for erpnext.test
2021-10-20 14:36:18,008 INFO scheduler Scheduled Job Complete: frappe.integrations.doctype.razorpay_settings.razorpay_settings.capture_payment for erpnext.test
2021-10-20 14:36:18,086 INFO scheduler Scheduled Job Start: frappe.email.doctype.email_account.email_account.notify_unreplied for erpnext.test
2021-10-20 14:36:18,368 INFO scheduler Scheduled Job Complete: frappe.email.doctype.email_account.email_account.notify_unreplied for erpnext.test
2021-10-20 14:36:18,440 INFO scheduler Scheduled Job Start: frappe.email.doctype.email_account.email_account.pull for erpnext.test
2021-10-20 14:36:18,700 INFO scheduler Scheduled Job Complete: frappe.email.doctype.email_account.email_account.pull for erpnext.test
2021-10-20 14:36:18,785 INFO scheduler Scheduled Job Start: frappe.email.queue.flush for erpnext.test
2021-10-20 14:36:18,994 INFO scheduler Scheduled Job Complete: frappe.email.queue.flush for erpnext.test
2021-10-20 14:37:16,301 DEBUG scheduler Queued events for site erpnext.test
2021-10-20 14:38:16,596 DEBUG scheduler Queued events for site erpnext.test
2021-10-20 14:39:16,854 DEBUG scheduler Queued events for site erpnext.test
2021-10-20 14:40:17,277 INFO scheduler Scheduled Job Start: erpnext.crm.doctype.social_media_post.social_media_post.process_scheduled_social_media_posts for erpnext.test
2021-10-20 14:40:17,325 DEBUG scheduler Queued events for site erpnext.test
2021-10-20 14:40:17,709 INFO scheduler Scheduled Job Complete: erpnext.crm.doctype.social_media_post.social_media_post.process_scheduled_social_media_posts for erpnext.test
2021-10-20 14:40:17,800 INFO scheduler Scheduled Job Start: erpnext.healthcare.doctype.patient_appointment.patient_appointment.send_appointment_reminder for erpnext.test
2021-10-20 14:40:18,218 INFO scheduler Scheduled Job Complete: erpnext.healthcare.doctype.patient_appointment.patient_appointment.send_appointment_reminder for erpnext.test
2021-10-20 14:40:18,309 INFO scheduler Scheduled Job Start: erpnext.projects.doctype.project.project.project_status_update_reminder for erpnext.test
2021-10-20 14:40:18,816 INFO scheduler Scheduled Job Complete: erpnext.projects.doctype.project.project.project_status_update_reminder for erpnext.test
2021-10-20 14:40:18,909 INFO scheduler Scheduled Job Start: frappe.monitor.flush for erpnext.test
2021-10-20 14:40:19,203 INFO scheduler Scheduled Job Complete: frappe.monitor.flush for erpnext.test
2021-10-20 14:40:19,290 INFO scheduler Scheduled Job Start: frappe.utils.global_search.sync_global_search for erpnext.test
2021-10-20 14:40:19,555 INFO scheduler Scheduled Job Complete: frappe.utils.global_search.sync_global_search for erpnext.test
2021-10-20 14:40:19,643 INFO scheduler Scheduled Job Start: frappe.integrations.doctype.razorpay_settings.razorpay_settings.capture_payment for erpnext.test
2021-10-20 14:40:20,061 INFO scheduler Scheduled Job Complete: frappe.integrations.doctype.razorpay_settings.razorpay_settings.capture_payment for erpnext.test
2021-10-20 14:40:20,144 INFO scheduler Scheduled Job Start: frappe.email.doctype.email_account.email_account.notify_unreplied for erpnext.test
2021-10-20 14:40:20,461 INFO scheduler Scheduled Job Complete: frappe.email.doctype.email_account.email_account.notify_unreplied for erpnext.test
2021-10-20 14:40:20,552 INFO scheduler Scheduled Job Start: frappe.email.doctype.email_account.email_account.pull for erpnext.test
2021-10-20 14:40:20,825 INFO scheduler Scheduled Job Complete: frappe.email.doctype.email_account.email_account.pull for erpnext.test
2021-10-20 14:40:20,930 INFO scheduler Scheduled Job Start: frappe.email.queue.flush for erpnext.test
2021-10-20 14:40:21,250 INFO scheduler Scheduled Job Complete: frappe.email.queue.flush for erpnext.test
2021-10-20 14:41:17,621 DEBUG scheduler Queued events for site erpnext.test
2021-10-20 14:42:17,976 DEBUG scheduler Queued events for site erpnext.test
2021-10-20 14:43:18,246 DEBUG scheduler Queued events for site erpnext.test
2021-10-20 14:44:18,519 INFO scheduler Scheduled Job Start: erpnext.crm.doctype.social_media_post.social_media_post.process_scheduled_social_media_posts for erpnext.test
2021-10-20 14:44:18,589 DEBUG scheduler Queued events for site erpnext.test
2021-10-20 14:44:18,795 INFO scheduler Scheduled Job Complete: erpnext.crm.doctype.social_media_post.social_media_post.process_scheduled_social_media_posts for erpnext.test
2021-10-20 14:44:18,870 INFO scheduler Scheduled Job Start: erpnext.healthcare.doctype.patient_appointment.patient_appointment.send_appointment_reminder for erpnext.test
2021-10-20 14:44:19,120 INFO scheduler Scheduled Job Complete: erpnext.healthcare.doctype.patient_appointment.patient_appointment.send_appointment_reminder for erpnext.test
2021-10-20 14:44:19,194 INFO scheduler Scheduled Job Start: erpnext.projects.doctype.project.project.project_status_update_reminder for erpnext.test
2021-10-20 14:44:19,517 INFO scheduler Scheduled Job Complete: erpnext.projects.doctype.project.project.project_status_update_reminder for erpnext.test
2021-10-20 14:44:19,597 INFO scheduler Scheduled Job Start: frappe.monitor.flush for erpnext.test
2021-10-20 14:44:19,761 INFO scheduler Scheduled Job Complete: frappe.monitor.flush for erpnext.test
2021-10-20 14:44:19,844 INFO scheduler Scheduled Job Start: frappe.utils.global_search.sync_global_search for erpnext.test
2021-10-20 14:44:20,096 INFO scheduler Scheduled Job Complete: frappe.utils.global_search.sync_global_search for erpnext.test
2021-10-20 14:44:20,181 INFO scheduler Scheduled Job Start: frappe.integrations.doctype.razorpay_settings.razorpay_settings.capture_payment for erpnext.test
2021-10-20 14:44:20,537 INFO scheduler Scheduled Job Complete: frappe.integrations.doctype.razorpay_settings.razorpay_settings.capture_payment for erpnext.test
2021-10-20 14:44:20,616 INFO scheduler Scheduled Job Start: frappe.email.doctype.email_account.email_account.notify_unreplied for erpnext.test
2021-10-20 14:44:20,844 INFO scheduler Scheduled Job Complete: frappe.email.doctype.email_account.email_account.notify_unreplied for erpnext.test
2021-10-20 14:44:20,950 INFO scheduler Scheduled Job Start: frappe.email.doctype.email_account.email_account.pull for erpnext.test
2021-10-20 14:44:21,287 INFO scheduler Scheduled Job Complete: frappe.email.doctype.email_account.email_account.pull for erpnext.test
2021-10-20 14:44:21,368 INFO scheduler Scheduled Job Start: frappe.email.queue.flush for erpnext.test
2021-10-20 14:44:21,553 INFO scheduler Scheduled Job Complete: frappe.email.queue.flush for erpnext.test
2021-10-20 14:45:18,931 DEBUG scheduler Queued events for site erpnext.test
2021-10-20 14:45:18,991 INFO scheduler Scheduled Job Start: frappe.twofactor.delete_all_barcodes_for_users for erpnext.test
2021-10-20 14:45:19,286 INFO scheduler Scheduled Job Complete: frappe.twofactor.delete_all_barcodes_for_users for erpnext.test
2021-10-20 14:45:19,368 INFO scheduler Scheduled Job Start: frappe.website.doctype.web_page.web_page.check_publish_status for erpnext.test
2021-10-20 14:45:19,697 INFO scheduler Scheduled Job Complete: frappe.website.doctype.web_page.web_page.check_publish_status for erpnext.test
2021-10-20 14:45:19,774 INFO scheduler Scheduled Job Start: frappe.oauth.delete_oauth2_data for erpnext.test
2021-10-20 14:45:20,080 INFO scheduler Scheduled Job Complete: frappe.oauth.delete_oauth2_data for erpnext.test
2021-10-20 14:46:19,240 DEBUG scheduler Queued events for site erpnext.test
2021-10-20 14:47:19,661 DEBUG scheduler Queued events for site erpnext.test
2021-10-20 14:48:19,960 INFO scheduler Scheduled Job Start: erpnext.crm.doctype.social_media_post.social_media_post.process_scheduled_social_media_posts for erpnext.test
2021-10-20 14:48:20,002 DEBUG scheduler Queued events for site erpnext.test
2021-10-20 14:48:20,244 INFO scheduler Scheduled Job Complete: erpnext.crm.doctype.social_media_post.social_media_post.process_scheduled_social_media_posts for erpnext.test
2021-10-20 14:48:20,323 INFO scheduler Scheduled Job Start: erpnext.healthcare.doctype.patient_appointment.patient_appointment.send_appointment_reminder for erpnext.test
2021-10-20 14:48:20,582 INFO scheduler Scheduled Job Complete: erpnext.healthcare.doctype.patient_appointment.patient_appointment.send_appointment_reminder for erpnext.test
2021-10-20 14:48:20,655 INFO scheduler Scheduled Job Start: erpnext.projects.doctype.project.project.project_status_update_reminder for erpnext.test
2021-10-20 14:48:20,977 INFO scheduler Scheduled Job Complete: erpnext.projects.doctype.project.project.project_status_update_reminder for erpnext.test
2021-10-20 14:48:21,051 INFO scheduler Scheduled Job Start: frappe.monitor.flush for erpnext.test
2021-10-20 14:48:21,224 INFO scheduler Scheduled Job Complete: frappe.monitor.flush for erpnext.test
2021-10-20 14:48:21,304 INFO scheduler Scheduled Job Start: frappe.utils.global_search.sync_global_search for erpnext.test
2021-10-20 14:48:21,495 INFO scheduler Scheduled Job Complete: frappe.utils.global_search.sync_global_search for erpnext.test
2021-10-20 14:48:21,570 INFO scheduler Scheduled Job Start: frappe.integrations.doctype.razorpay_settings.razorpay_settings.capture_payment for erpnext.test
2021-10-20 14:48:21,913 INFO scheduler Scheduled Job Complete: frappe.integrations.doctype.razorpay_settings.razorpay_settings.capture_payment for erpnext.test
2021-10-20 14:48:21,984 INFO scheduler Scheduled Job Start: frappe.email.doctype.email_account.email_account.notify_unreplied for erpnext.test
2021-10-20 14:48:22,260 INFO scheduler Scheduled Job Complete: frappe.email.doctype.email_account.email_account.notify_unreplied for erpnext.test
2021-10-20 14:48:22,336 INFO scheduler Scheduled Job Start: frappe.email.doctype.email_account.email_account.pull for erpnext.test
2021-10-20 14:48:22,581 INFO scheduler Scheduled Job Complete: frappe.email.doctype.email_account.email_account.pull for erpnext.test
2021-10-20 14:48:22,655 INFO scheduler Scheduled Job Start: frappe.email.queue.flush for erpnext.test
2021-10-20 14:48:22,837 INFO scheduler Scheduled Job Complete: frappe.email.queue.flush for erpnext.test
2021-10-20 14:49:20,269 DEBUG scheduler Queued events for site erpnext.test
2021-10-20 14:50:20,662 DEBUG scheduler Queued events for site erpnext.test
2021-10-20 14:51:20,938 DEBUG scheduler Queued events for site erpnext.test
2021-10-20 14:52:21,223 INFO scheduler Scheduled Job Start: erpnext.crm.doctype.social_media_post.social_media_post.process_scheduled_social_media_posts for erpnext.test
2021-10-20 14:52:21,283 DEBUG scheduler Queued events for site erpnext.test
2021-10-20 14:52:21,447 INFO scheduler Scheduled Job Complete: erpnext.crm.doctype.social_media_post.social_media_post.process_scheduled_social_media_posts for erpnext.test
2021-10-20 14:52:21,525 INFO scheduler Scheduled Job Start: erpnext.healthcare.doctype.patient_appointment.patient_appointment.send_appointment_reminder for erpnext.test
2021-10-20 14:52:21,724 INFO scheduler Scheduled Job Complete: erpnext.healthcare.doctype.patient_appointment.patient_appointment.send_appointment_reminder for erpnext.test
2021-10-20 14:52:21,814 INFO scheduler Scheduled Job Start: erpnext.projects.doctype.project.project.project_status_update_reminder for erpnext.test
2021-10-20 14:52:22,092 INFO scheduler Scheduled Job Complete: erpnext.projects.doctype.project.project.project_status_update_reminder for erpnext.test
2021-10-20 14:52:22,164 INFO scheduler Scheduled Job Start: frappe.monitor.flush for erpnext.test
2021-10-20 14:52:22,333 INFO scheduler Scheduled Job Complete: frappe.monitor.flush for erpnext.test
2021-10-20 14:52:22,406 INFO scheduler Scheduled Job Start: frappe.utils.global_search.sync_global_search for erpnext.test
2021-10-20 14:52:22,574 INFO scheduler Scheduled Job Complete: frappe.utils.global_search.sync_global_search for erpnext.test
2021-10-20 14:52:22,653 INFO scheduler Scheduled Job Start: frappe.integrations.doctype.razorpay_settings.razorpay_settings.capture_payment for erpnext.test
2021-10-20 14:52:22,934 INFO scheduler Scheduled Job Complete: frappe.integrations.doctype.razorpay_settings.razorpay_settings.capture_payment for erpnext.test
2021-10-20 14:52:23,005 INFO scheduler Scheduled Job Start: frappe.email.doctype.email_account.email_account.notify_unreplied for erpnext.test
2021-10-20 14:52:23,250 INFO scheduler Scheduled Job Complete: frappe.email.doctype.email_account.email_account.notify_unreplied for erpnext.test
2021-10-20 14:52:23,338 INFO scheduler Scheduled Job Start: frappe.email.doctype.email_account.email_account.pull for erpnext.test
2021-10-20 14:52:23,633 INFO scheduler Scheduled Job Complete: frappe.email.doctype.email_account.email_account.pull for erpnext.test
2021-10-20 14:52:23,738 INFO scheduler Scheduled Job Start: frappe.email.queue.flush for erpnext.test
2021-10-20 14:52:24,031 INFO scheduler Scheduled Job Complete: frappe.email.queue.flush for erpnext.test
2021-10-20 14:53:21,543 DEBUG scheduler Queued events for site erpnext.test
2021-10-20 14:54:21,795 DEBUG scheduler Queued events for site erpnext.test
2021-10-20 14:55:22,061 DEBUG scheduler Queued events for site erpnext.test
2021-10-20 14:56:22,378 INFO scheduler Scheduled Job Start: erpnext.crm.doctype.social_media_post.social_media_post.process_scheduled_social_media_posts for erpnext.test
2021-10-20 14:56:22,479 DEBUG scheduler Queued events for site erpnext.test
2021-10-20 14:56:22,648 INFO scheduler Scheduled Job Complete: erpnext.crm.doctype.social_media_post.social_media_post.process_scheduled_social_media_posts for erpnext.test
2021-10-20 14:56:22,728 INFO scheduler Scheduled Job Start: erpnext.healthcare.doctype.patient_appointment.patient_appointment.send_appointment_reminder for erpnext.test
2021-10-20 14:56:22,914 INFO scheduler Scheduled Job Complete: erpnext.healthcare.doctype.patient_appointment.patient_appointment.send_appointment_reminder for erpnext.test
2021-10-20 14:56:22,987 INFO scheduler Scheduled Job Start: erpnext.projects.doctype.project.project.project_status_update_reminder for erpnext.test
2021-10-20 14:56:23,252 INFO scheduler Scheduled Job Complete: erpnext.projects.doctype.project.project.project_status_update_reminder for erpnext.test
2021-10-20 14:56:23,327 INFO scheduler Scheduled Job Start: frappe.monitor.flush for erpnext.test
2021-10-20 14:56:23,501 INFO scheduler Scheduled Job Complete: frappe.monitor.flush for erpnext.test
2021-10-20 14:56:23,589 INFO scheduler Scheduled Job Start: frappe.utils.global_search.sync_global_search for erpnext.test
2021-10-20 14:56:23,768 INFO scheduler Scheduled Job Complete: frappe.utils.global_search.sync_global_search for erpnext.test
2021-10-20 14:56:23,841 INFO scheduler Scheduled Job Start: frappe.integrations.doctype.razorpay_settings.razorpay_settings.capture_payment for erpnext.test
2021-10-20 14:56:24,124 INFO scheduler Scheduled Job Complete: frappe.integrations.doctype.razorpay_settings.razorpay_settings.capture_payment for erpnext.test
2021-10-20 14:56:24,202 INFO scheduler Scheduled Job Start: frappe.email.doctype.email_account.email_account.notify_unreplied for erpnext.test
2021-10-20 14:56:24,429 INFO scheduler Scheduled Job Complete: frappe.email.doctype.email_account.email_account.notify_unreplied for erpnext.test
2021-10-20 14:56:24,505 INFO scheduler Scheduled Job Start: frappe.email.doctype.email_account.email_account.pull for erpnext.test
2021-10-20 14:56:24,739 INFO scheduler Scheduled Job Complete: frappe.email.doctype.email_account.email_account.pull for erpnext.test
2021-10-20 14:56:24,816 INFO scheduler Scheduled Job Start: frappe.email.queue.flush for erpnext.test
2021-10-20 14:56:25,007 INFO scheduler Scheduled Job Complete: frappe.email.queue.flush for erpnext.test
2021-10-20 14:57:22,735 DEBUG scheduler Queued events for site erpnext.test
2021-10-20 14:58:22,985 DEBUG scheduler Queued events for site erpnext.test
2021-10-20 14:59:23,280 DEBUG scheduler Queued events for site erpnext.test
2021-10-20 15:00:23,448 INFO scheduler Scheduled Job Start: erpnext.stock.doctype.repost_item_valuation.repost_item_valuation.repost_entries for erpnext.test
2021-10-20 15:00:23,554 INFO scheduler Scheduled Job Start: erpnext.erpnext_integrations.connectors.shopify_connection.sync_old_orders for erpnext.test
2021-10-20 15:00:23,771 DEBUG scheduler Queued events for site erpnext.test
2021-10-20 15:00:24,125 INFO scheduler Scheduled Job Complete: erpnext.stock.doctype.repost_item_valuation.repost_item_valuation.repost_entries for erpnext.test
2021-10-20 15:00:24,149 INFO scheduler Scheduled Job Complete: erpnext.erpnext_integrations.connectors.shopify_connection.sync_old_orders for erpnext.test
2021-10-20 15:00:24,230 INFO scheduler Scheduled Job Start: erpnext.support.doctype.issue.issue.set_service_level_agreement_variance for erpnext.test
2021-10-20 15:00:24,529 INFO scheduler Scheduled Job Complete: erpnext.support.doctype.issue.issue.set_service_level_agreement_variance for erpnext.test
2021-10-20 15:00:24,609 INFO scheduler Scheduled Job Start: erpnext.hr.doctype.shift_type.shift_type.process_auto_attendance_for_all_shifts for erpnext.test
2021-10-20 15:00:24,907 INFO scheduler Scheduled Job Complete: erpnext.hr.doctype.shift_type.shift_type.process_auto_attendance_for_all_shifts for erpnext.test
2021-10-20 15:00:24,987 INFO scheduler Scheduled Job Start: erpnext.projects.doctype.project.project.collect_project_status for erpnext.test
2021-10-20 15:00:25,325 INFO scheduler Scheduled Job Complete: erpnext.projects.doctype.project.project.collect_project_status for erpnext.test
2021-10-20 15:00:25,411 INFO scheduler Scheduled Job Start: erpnext.projects.doctype.project.project.hourly_reminder for erpnext.test
2021-10-20 15:00:25,742 INFO scheduler Scheduled Job Complete: erpnext.projects.doctype.project.project.hourly_reminder for erpnext.test
2021-10-20 15:00:25,824 INFO scheduler Scheduled Job Start: erpnext.erpnext_integrations.doctype.plaid_settings.plaid_settings.automatic_synchronization for erpnext.test
2021-10-20 15:00:26,221 INFO scheduler Scheduled Job Complete: erpnext.erpnext_integrations.doctype.plaid_settings.plaid_settings.automatic_synchronization for erpnext.test
2021-10-20 15:00:26,296 INFO scheduler Scheduled Job Start: erpnext.accounts.doctype.gl_entry.gl_entry.rename_gle_sle_docs for erpnext.test
2021-10-20 15:00:26,636 INFO scheduler Scheduled Job Complete: erpnext.accounts.doctype.gl_entry.gl_entry.rename_gle_sle_docs for erpnext.test
2021-10-20 15:00:26,718 INFO scheduler Scheduled Job Start: erpnext.erpnext_integrations.doctype.amazon_mws_settings.amazon_mws_settings.schedule_get_order_details for erpnext.test
2021-10-20 15:00:27,005 INFO scheduler Scheduled Job Complete: erpnext.erpnext_integrations.doctype.amazon_mws_settings.amazon_mws_settings.schedule_get_order_details for erpnext.test
2021-10-20 15:00:27,087 INFO scheduler Scheduled Job Start: erpnext.accounts.doctype.subscription.subscription.process_all for erpnext.test
2021-10-20 15:00:27,373 INFO scheduler Scheduled Job Complete: erpnext.accounts.doctype.subscription.subscription.process_all for erpnext.test
2021-10-20 15:00:27,453 INFO scheduler Scheduled Job Start: erpnext.hr.doctype.daily_work_summary_group.daily_work_summary_group.trigger_emails for erpnext.test
2021-10-20 15:00:27,738 INFO scheduler Scheduled Job Complete: erpnext.hr.doctype.daily_work_summary_group.daily_work_summary_group.trigger_emails for erpnext.test
2021-10-20 15:00:27,820 INFO scheduler Scheduled Job Start: erpnext.crm.doctype.social_media_post.social_media_post.process_scheduled_social_media_posts for erpnext.test
2021-10-20 15:00:28,015 INFO scheduler Scheduled Job Complete: erpnext.crm.doctype.social_media_post.social_media_post.process_scheduled_social_media_posts for erpnext.test
2021-10-20 15:00:28,088 INFO scheduler Scheduled Job Start: erpnext.healthcare.doctype.patient_appointment.patient_appointment.send_appointment_reminder for erpnext.test
2021-10-20 15:00:28,274 INFO scheduler Scheduled Job Complete: erpnext.healthcare.doctype.patient_appointment.patient_appointment.send_appointment_reminder for erpnext.test
2021-10-20 15:00:28,354 INFO scheduler Scheduled Job Start: erpnext.projects.doctype.project.project.project_status_update_reminder for erpnext.test
2021-10-20 15:00:28,616 INFO scheduler Scheduled Job Complete: erpnext.projects.doctype.project.project.project_status_update_reminder for erpnext.test
2021-10-20 15:00:28,696 INFO scheduler Scheduled Job Start: erpnext.utilities.doctype.video.video.update_youtube_data for erpnext.test
2021-10-20 15:00:29,094 INFO scheduler Scheduled Job Failed: erpnext.utilities.doctype.video.video.update_youtube_data for erpnext.test
2021-10-20 15:00:29,178 INFO scheduler Scheduled Job Start: frappe.email.doctype.newsletter.newsletter.send_scheduled_email for erpnext.test
2021-10-20 15:00:29,527 INFO scheduler Scheduled Job Complete: frappe.email.doctype.newsletter.newsletter.send_scheduled_email for erpnext.test
2021-10-20 15:00:29,611 INFO scheduler Scheduled Job Start: frappe.integrations.doctype.google_calendar.google_calendar.sync for erpnext.test
2021-10-20 15:00:30,057 INFO scheduler Scheduled Job Complete: frappe.integrations.doctype.google_calendar.google_calendar.sync for erpnext.test
2021-10-20 15:00:30,140 INFO scheduler Scheduled Job Start: frappe.desk.form.document_follow.send_hourly_updates for erpnext.test
2021-10-20 15:00:30,397 INFO scheduler Scheduled Job Complete: frappe.desk.form.document_follow.send_hourly_updates for erpnext.test
2021-10-20 15:00:30,480 INFO scheduler Scheduled Job Start: frappe.deferred_insert.save_to_db for erpnext.test
2021-10-20 15:00:31,142 INFO scheduler Scheduled Job Complete: frappe.deferred_insert.save_to_db for erpnext.test
2021-10-20 15:00:31,276 INFO scheduler Scheduled Job Start: frappe.desk.page.backups.backups.delete_downloadable_backups for erpnext.test
2021-10-20 15:00:31,612 INFO scheduler Scheduled Job Complete: frappe.desk.page.backups.backups.delete_downloadable_backups for erpnext.test
2021-10-20 15:00:31,723 INFO scheduler Scheduled Job Start: frappe.utils.error.collect_error_snapshots for erpnext.test
2021-10-20 15:00:32,066 INFO scheduler Scheduled Job Complete: frappe.utils.error.collect_error_snapshots for erpnext.test
2021-10-20 15:00:32,163 INFO scheduler Scheduled Job Start: frappe.model.utils.user_settings.sync_user_settings for erpnext.test
2021-10-20 15:00:32,518 INFO scheduler Scheduled Job Complete: frappe.model.utils.user_settings.sync_user_settings for erpnext.test
2021-10-20 15:00:32,633 INFO scheduler Scheduled Job Start: frappe.model.utils.link_count.update_link_count for erpnext.test
2021-10-20 15:00:32,956 INFO scheduler Scheduled Job Complete: frappe.model.utils.link_count.update_link_count for erpnext.test
2021-10-20 15:00:33,082 INFO scheduler Scheduled Job Start: frappe.monitor.flush for erpnext.test
2021-10-20 15:00:33,329 INFO scheduler Scheduled Job Complete: frappe.monitor.flush for erpnext.test
2021-10-20 15:00:33,446 INFO scheduler Scheduled Job Start: frappe.utils.global_search.sync_global_search for erpnext.test
2021-10-20 15:00:33,674 INFO scheduler Scheduled Job Complete: frappe.utils.global_search.sync_global_search for erpnext.test
2021-10-20 15:00:33,756 INFO scheduler Scheduled Job Start: frappe.integrations.doctype.razorpay_settings.razorpay_settings.capture_payment for erpnext.test
2021-10-20 15:00:34,040 INFO scheduler Scheduled Job Complete: frappe.integrations.doctype.razorpay_settings.razorpay_settings.capture_payment for erpnext.test
2021-10-20 15:00:34,120 INFO scheduler Scheduled Job Start: frappe.email.doctype.email_account.email_account.notify_unreplied for erpnext.test
2021-10-20 15:00:34,339 INFO scheduler Scheduled Job Complete: frappe.email.doctype.email_account.email_account.notify_unreplied for erpnext.test
2021-10-20 15:00:34,416 INFO scheduler Scheduled Job Start: frappe.email.doctype.email_account.email_account.pull for erpnext.test
2021-10-20 15:00:34,656 INFO scheduler Scheduled Job Complete: frappe.email.doctype.email_account.email_account.pull for erpnext.test
2021-10-20 15:00:34,730 INFO scheduler Scheduled Job Start: frappe.email.queue.flush for erpnext.test
2021-10-20 15:00:34,921 INFO scheduler Scheduled Job Complete: frappe.email.queue.flush for erpnext.test
2021-10-20 15:00:34,994 INFO scheduler Scheduled Job Start: frappe.twofactor.delete_all_barcodes_for_users for erpnext.test
2021-10-20 15:00:35,252 INFO scheduler Scheduled Job Complete: frappe.twofactor.delete_all_barcodes_for_users for erpnext.test
2021-10-20 15:00:35,340 INFO scheduler Scheduled Job Start: frappe.website.doctype.web_page.web_page.check_publish_status for erpnext.test
2021-10-20 15:00:35,709 INFO scheduler Scheduled Job Complete: frappe.website.doctype.web_page.web_page.check_publish_status for erpnext.test
2021-10-20 15:00:35,788 INFO scheduler Scheduled Job Start: frappe.oauth.delete_oauth2_data for erpnext.test
2021-10-20 15:00:36,107 INFO scheduler Scheduled Job Complete: frappe.oauth.delete_oauth2_data for erpnext.test
2021-10-20 15:01:24,011 DEBUG scheduler Queued events for site erpnext.test
2021-10-20 15:02:24,266 DEBUG scheduler Queued events for site erpnext.test
2021-10-20 15:03:24,515 DEBUG scheduler Queued events for site erpnext.test
